Arguments: 
  /usr/local/bin/node /usr/local/Cellar/yarn/1.16.0/libexec/bin/yarn.js add postcss-modules CSSNext

PATH: 
  /usr/local/bin:/usr/bin:/bin:/usr/sbin:/sbin

Yarn version: 
  1.16.0

Node version: 
  10.16.0

Platform: 
  darwin x64

Trace: 
  Error: https://registry.yarnpkg.com/CSSNext: Not found
      at Request.params.callback [as _callback] (/usr/local/Cellar/yarn/1.16.0/libexec/lib/cli.js:66091:18)
      at Request.self.callback (/usr/local/Cellar/yarn/1.16.0/libexec/lib/cli.js:129590:22)
      at Request.emit (events.js:198:13)
      at Request.<anonymous> (/usr/local/Cellar/yarn/1.16.0/libexec/lib/cli.js:130562:10)
      at Request.emit (events.js:198:13)
      at IncomingMessage.<anonymous> (/usr/local/Cellar/yarn/1.16.0/libexec/lib/cli.js:130484:12)
      at Object.onceWrapper (events.js:286:20)
      at IncomingMessage.emit (events.js:203:15)
      at endReadableNT (_stream_readable.js:1129:12)
      at process._tickCallback (internal/process/next_tick.js:63:19)

npm manifest: 
  {
    "name": "dashboard-project",
    "version": "1.0.0",
    "description": "this is education repository",
    "main": "index.js",
    "scripts": {
      "test": "echo \"Error: no test specified\" && exit 1",
      "start": "parcel index.html"
    },
    "repository": {
      "type": "git",
      "url": "git+https://github.com/AntonBystryakov/dashboard-project.git"
    },
    "keywords": [],
    "author": "",
    "license": "ISC",
    "bugs": {
      "url": "https://github.com/AntonBystryakov/dashboard-project/issues"
    },
    "homepage": "https://github.com/AntonBystryakov/dashboard-project#readme",
    "dependencies": {
      "autoprefixer": "^9.6.0",
      "postcss-modules": "^1.4.1"
    },
    "devDependencies": {
      "@babel/core": "^7.4.5",
      "@babel/preset-react": "^7.0.0"
    }
  }

yarn manifest: 
  No manifest

Lockfile: 
  # THIS IS AN AUTOGENERATED FILE. DO NOT EDIT THIS FILE DIRECTLY.
  # yarn lockfile v1
  
  
  "@babel/code-frame@^7.0.0":
    version "7.0.0"
    resolved "https://registry.yarnpkg.com/@babel/code-frame/-/code-frame-7.0.0.tgz#06e2ab19bdb535385559aabb5ba59729482800f8"
    integrity sha512-OfC2uemaknXr87bdLUkWog7nYuliM9Ij5HUcajsVcMCpQrcLmtxRbVFTIqmcSkSeYRBFBRxs2FiUqFJDLdiebA==
    dependencies:
      "@babel/highlight" "^7.0.0"
  
  "@babel/core@^7.4.5":
    version "7.4.5"
    resolved "https://registry.yarnpkg.com/@babel/core/-/core-7.4.5.tgz#081f97e8ffca65a9b4b0fdc7e274e703f000c06a"
    integrity sha512-OvjIh6aqXtlsA8ujtGKfC7LYWksYSX8yQcM8Ay3LuvVeQ63lcOKgoZWVqcpFwkd29aYU9rVx7jxhfhiEDV9MZA==
    dependencies:
      "@babel/code-frame" "^7.0.0"
      "@babel/generator" "^7.4.4"
      "@babel/helpers" "^7.4.4"
      "@babel/parser" "^7.4.5"
      "@babel/template" "^7.4.4"
      "@babel/traverse" "^7.4.5"
      "@babel/types" "^7.4.4"
      convert-source-map "^1.1.0"
      debug "^4.1.0"
      json5 "^2.1.0"
      lodash "^4.17.11"
      resolve "^1.3.2"
      semver "^5.4.1"
      source-map "^0.5.0"
  
  "@babel/generator@^7.4.4":
    version "7.4.4"
    resolved "https://registry.yarnpkg.com/@babel/generator/-/generator-7.4.4.tgz#174a215eb843fc392c7edcaabeaa873de6e8f041"
    integrity sha512-53UOLK6TVNqKxf7RUh8NE851EHRxOOeVXKbK2bivdb+iziMyk03Sr4eaE9OELCbyZAAafAKPDwF2TPUES5QbxQ==
    dependencies:
      "@babel/types" "^7.4.4"
      jsesc "^2.5.1"
      lodash "^4.17.11"
      source-map "^0.5.0"
      trim-right "^1.0.1"
  
  "@babel/helper-builder-react-jsx@^7.3.0":
    version "7.3.0"
    resolved "https://registry.yarnpkg.com/@babel/helper-builder-react-jsx/-/helper-builder-react-jsx-7.3.0.tgz#a1ac95a5d2b3e88ae5e54846bf462eeb81b318a4"
    integrity sha512-MjA9KgwCuPEkQd9ncSXvSyJ5y+j2sICHyrI0M3L+6fnS4wMSNDc1ARXsbTfbb2cXHn17VisSnU/sHFTCxVxSMw==
    dependencies:
      "@babel/types" "^7.3.0"
      esutils "^2.0.0"
  
  "@babel/helper-function-name@^7.1.0":
    version "7.1.0"
    resolved "https://registry.yarnpkg.com/@babel/helper-function-name/-/helper-function-name-7.1.0.tgz#a0ceb01685f73355d4360c1247f582bfafc8ff53"
    integrity sha512-A95XEoCpb3TO+KZzJ4S/5uW5fNe26DjBGqf1o9ucyLyCmi1dXq/B3c8iaWTfBk3VvetUxl16e8tIrd5teOCfGw==
    dependencies:
      "@babel/helper-get-function-arity" "^7.0.0"
      "@babel/template" "^7.1.0"
      "@babel/types" "^7.0.0"
  
  "@babel/helper-get-function-arity@^7.0.0":
    version "7.0.0"
    resolved "https://registry.yarnpkg.com/@babel/helper-get-function-arity/-/helper-get-function-arity-7.0.0.tgz#83572d4320e2a4657263734113c42868b64e49c3"
    integrity sha512-r2DbJeg4svYvt3HOS74U4eWKsUAMRH01Z1ds1zx8KNTPtpTL5JAsdFv8BNyOpVqdFhHkkRDIg5B4AsxmkjAlmQ==
    dependencies:
      "@babel/types" "^7.0.0"
  
  "@babel/helper-plugin-utils@^7.0.0":
    version "7.0.0"
    resolved "https://registry.yarnpkg.com/@babel/helper-plugin-utils/-/helper-plugin-utils-7.0.0.tgz#bbb3fbee98661c569034237cc03967ba99b4f250"
    integrity sha512-CYAOUCARwExnEixLdB6sDm2dIJ/YgEAKDM1MOeMeZu9Ld/bDgVo8aiWrXwcY7OBh+1Ea2uUcVRcxKk0GJvW7QA==
  
  "@babel/helper-split-export-declaration@^7.4.4":
    version "7.4.4"
    resolved "https://registry.yarnpkg.com/@babel/helper-split-export-declaration/-/helper-split-export-declaration-7.4.4.tgz#ff94894a340be78f53f06af038b205c49d993677"
    integrity sha512-Ro/XkzLf3JFITkW6b+hNxzZ1n5OQ80NvIUdmHspih1XAhtN3vPTuUFT4eQnela+2MaZ5ulH+iyP513KJrxbN7Q==
    dependencies:
      "@babel/types" "^7.4.4"
  
  "@babel/helpers@^7.4.4":
    version "7.4.4"
    resolved "https://registry.yarnpkg.com/@babel/helpers/-/helpers-7.4.4.tgz#868b0ef59c1dd4e78744562d5ce1b59c89f2f2a5"
    integrity sha512-igczbR/0SeuPR8RFfC7tGrbdTbFL3QTvH6D+Z6zNxnTe//GyqmtHmDkzrqDmyZ3eSwPqB/LhyKoU5DXsp+Vp2A==
    dependencies:
      "@babel/template" "^7.4.4"
      "@babel/traverse" "^7.4.4"
      "@babel/types" "^7.4.4"
  
  "@babel/highlight@^7.0.0":
    version "7.0.0"
    resolved "https://registry.yarnpkg.com/@babel/highlight/-/highlight-7.0.0.tgz#f710c38c8d458e6dd9a201afb637fcb781ce99e4"
    integrity sha512-UFMC4ZeFC48Tpvj7C8UgLvtkaUuovQX+5xNWrsIoMG8o2z+XFKjKaN9iVmS84dPwVN00W4wPmqvYoZF3EGAsfw==
    dependencies:
      chalk "^2.0.0"
      esutils "^2.0.2"
      js-tokens "^4.0.0"
  
  "@babel/parser@^7.4.4", "@babel/parser@^7.4.5":
    version "7.4.5"
    resolved "https://registry.yarnpkg.com/@babel/parser/-/parser-7.4.5.tgz#04af8d5d5a2b044a2a1bffacc1e5e6673544e872"
    integrity sha512-9mUqkL1FF5T7f0WDFfAoDdiMVPWsdD1gZYzSnaXsxUCUqzuch/8of9G3VUSNiZmMBoRxT3neyVsqeiL/ZPcjew==
  
  "@babel/plugin-syntax-jsx@^7.2.0":
    version "7.2.0"
    resolved "https://registry.yarnpkg.com/@babel/plugin-syntax-jsx/-/plugin-syntax-jsx-7.2.0.tgz#0b85a3b4bc7cdf4cc4b8bf236335b907ca22e7c7"
    integrity sha512-VyN4QANJkRW6lDBmENzRszvZf3/4AXaj9YR7GwrWeeN9tEBPuXbmDYVU9bYBN0D70zCWVwUy0HWq2553VCb6Hw==
    dependencies:
      "@babel/helper-plugin-utils" "^7.0.0"
  
  "@babel/plugin-transform-react-display-name@^7.0.0":
    version "7.2.0"
    resolved "https://registry.yarnpkg.com/@babel/plugin-transform-react-display-name/-/plugin-transform-react-display-name-7.2.0.tgz#ebfaed87834ce8dc4279609a4f0c324c156e3eb0"
    integrity sha512-Htf/tPa5haZvRMiNSQSFifK12gtr/8vwfr+A9y69uF0QcU77AVu4K7MiHEkTxF7lQoHOL0F9ErqgfNEAKgXj7A==
    dependencies:
      "@babel/helper-plugin-utils" "^7.0.0"
  
  "@babel/plugin-transform-react-jsx-self@^7.0.0":
    version "7.2.0"
    resolved "https://registry.yarnpkg.com/@babel/plugin-transform-react-jsx-self/-/plugin-transform-react-jsx-self-7.2.0.tgz#461e21ad9478f1031dd5e276108d027f1b5240ba"
    integrity sha512-v6S5L/myicZEy+jr6ielB0OR8h+EH/1QFx/YJ7c7Ua+7lqsjj/vW6fD5FR9hB/6y7mGbfT4vAURn3xqBxsUcdg==
    dependencies:
      "@babel/helper-plugin-utils" "^7.0.0"
      "@babel/plugin-syntax-jsx" "^7.2.0"
  
  "@babel/plugin-transform-react-jsx-source@^7.0.0":
    version "7.2.0"
    resolved "https://registry.yarnpkg.com/@babel/plugin-transform-react-jsx-source/-/plugin-transform-react-jsx-source-7.2.0.tgz#20c8c60f0140f5dd3cd63418d452801cf3f7180f"
    integrity sha512-A32OkKTp4i5U6aE88GwwcuV4HAprUgHcTq0sSafLxjr6AW0QahrCRCjxogkbbcdtpbXkuTOlgpjophCxb6sh5g==
    dependencies:
      "@babel/helper-plugin-utils" "^7.0.0"
      "@babel/plugin-syntax-jsx" "^7.2.0"
  
  "@babel/plugin-transform-react-jsx@^7.0.0":
    version "7.3.0"
    resolved "https://registry.yarnpkg.com/@babel/plugin-transform-react-jsx/-/plugin-transform-react-jsx-7.3.0.tgz#f2cab99026631c767e2745a5368b331cfe8f5290"
    integrity sha512-a/+aRb7R06WcKvQLOu4/TpjKOdvVEKRLWFpKcNuHhiREPgGRB4TQJxq07+EZLS8LFVYpfq1a5lDUnuMdcCpBKg==
    dependencies:
      "@babel/helper-builder-react-jsx" "^7.3.0"
      "@babel/helper-plugin-utils" "^7.0.0"
      "@babel/plugin-syntax-jsx" "^7.2.0"
  
  "@babel/preset-react@^7.0.0":
    version "7.0.0"
    resolved "https://registry.yarnpkg.com/@babel/preset-react/-/preset-react-7.0.0.tgz#e86b4b3d99433c7b3e9e91747e2653958bc6b3c0"
    integrity sha512-oayxyPS4Zj+hF6Et11BwuBkmpgT/zMxyuZgFrMeZID6Hdh3dGlk4sHCAhdBCpuCKW2ppBfl2uCCetlrUIJRY3w==
    dependencies:
      "@babel/helper-plugin-utils" "^7.0.0"
      "@babel/plugin-transform-react-display-name" "^7.0.0"
      "@babel/plugin-transform-react-jsx" "^7.0.0"
      "@babel/plugin-transform-react-jsx-self" "^7.0.0"
      "@babel/plugin-transform-react-jsx-source" "^7.0.0"
  
  "@babel/template@^7.1.0", "@babel/template@^7.4.4":
    version "7.4.4"
    resolved "https://registry.yarnpkg.com/@babel/template/-/template-7.4.4.tgz#f4b88d1225689a08f5bc3a17483545be9e4ed237"
    integrity sha512-CiGzLN9KgAvgZsnivND7rkA+AeJ9JB0ciPOD4U59GKbQP2iQl+olF1l76kJOupqidozfZ32ghwBEJDhnk9MEcw==
    dependencies:
      "@babel/code-frame" "^7.0.0"
      "@babel/parser" "^7.4.4"
      "@babel/types" "^7.4.4"
  
  "@babel/traverse@^7.4.4", "@babel/traverse@^7.4.5":
    version "7.4.5"
    resolved "https://registry.yarnpkg.com/@babel/traverse/-/traverse-7.4.5.tgz#4e92d1728fd2f1897dafdd321efbff92156c3216"
    integrity sha512-Vc+qjynwkjRmIFGxy0KYoPj4FdVDxLej89kMHFsWScq999uX+pwcX4v9mWRjW0KcAYTPAuVQl2LKP1wEVLsp+A==
    dependencies:
      "@babel/code-frame" "^7.0.0"
      "@babel/generator" "^7.4.4"
      "@babel/helper-function-name" "^7.1.0"
      "@babel/helper-split-export-declaration" "^7.4.4"
      "@babel/parser" "^7.4.5"
      "@babel/types" "^7.4.4"
      debug "^4.1.0"
      globals "^11.1.0"
      lodash "^4.17.11"
  
  "@babel/types@^7.0.0", "@babel/types@^7.3.0", "@babel/types@^7.4.4":
    version "7.4.4"
    resolved "https://registry.yarnpkg.com/@babel/types/-/types-7.4.4.tgz#8db9e9a629bb7c29370009b4b779ed93fe57d5f0"
    integrity sha512-dOllgYdnEFOebhkKCjzSVFqw/PmmB8pH6RGOWkY4GsboQNd47b1fBThBSwlHAq9alF9vc1M3+6oqR47R50L0tQ==
    dependencies:
      esutils "^2.0.2"
      lodash "^4.17.11"
      to-fast-properties "^2.0.0"
  
  ansi-regex@^2.0.0:
    version "2.1.1"
    resolved "https://registry.yarnpkg.com/ansi-regex/-/ansi-regex-2.1.1.tgz#c3b33ab5ee360d86e0e628f0468ae7ef27d654df"
    integrity sha1-w7M6te42DYbg5ijwRorn7yfWVN8=
  
  ansi-styles@^2.2.1:
    version "2.2.1"
    resolved "https://registry.yarnpkg.com/ansi-styles/-/ansi-styles-2.2.1.tgz#b432dd3358b634cf75e1e4664368240533c1ddbe"
    integrity sha1-tDLdM1i2NM914eRmQ2gkBTPB3b4=
  
  ansi-styles@^3.2.1:
    version "3.2.1"
    resolved "https://registry.yarnpkg.com/ansi-styles/-/ansi-styles-3.2.1.tgz#41fbb20243e50b12be0f04b8dedbf07520ce841d"
    integrity sha512-VT0ZI6kZRdTh8YyJw3SMbYm/u+NqfsAxEpWO0Pf9sq8/e94WxxOpPKx9FR1FlyCtOVDNOQ+8ntlqFxiRc+r5qA==
    dependencies:
      color-convert "^1.9.0"
  
  autoprefixer@^9.6.0:
    version "9.6.0"
    resolved "https://registry.yarnpkg.com/autoprefixer/-/autoprefixer-9.6.0.tgz#0111c6bde2ad20c6f17995a33fad7cf6854b4c87"
    integrity sha512-kuip9YilBqhirhHEGHaBTZKXL//xxGnzvsD0FtBQa6z+A69qZD6s/BAX9VzDF1i9VKDquTJDQaPLSEhOnL6FvQ==
    dependencies:
      browserslist "^4.6.1"
      caniuse-lite "^1.0.30000971"
      chalk "^2.4.2"
      normalize-range "^0.1.2"
      num2fraction "^1.2.2"
      postcss "^7.0.16"
      postcss-value-parser "^3.3.1"
  
  big.js@^3.1.3:
    version "3.2.0"
    resolved "https://registry.yarnpkg.com/big.js/-/big.js-3.2.0.tgz#a5fc298b81b9e0dca2e458824784b65c52ba588e"
    integrity sha512-+hN/Zh2D08Mx65pZ/4g5bsmNiZUuChDiQfTUQ7qJr4/kuopCr88xZsAXv6mBoZEsUI4OuGHlX59qE94K2mMW8Q==
  
  browserslist@^4.6.1:
    version "4.6.3"
    resolved "https://registry.yarnpkg.com/browserslist/-/browserslist-4.6.3.tgz#0530cbc6ab0c1f3fc8c819c72377ba55cf647f05"
    integrity sha512-CNBqTCq22RKM8wKJNowcqihHJ4SkI8CGeK7KOR9tPboXUuS5Zk5lQgzzTbs4oxD8x+6HUshZUa2OyNI9lR93bQ==
    dependencies:
      caniuse-lite "^1.0.30000975"
      electron-to-chromium "^1.3.164"
      node-releases "^1.1.23"
  
  caniuse-lite@^1.0.30000971, caniuse-lite@^1.0.30000975:
    version "1.0.30000979"
    resolved "https://registry.yarnpkg.com/caniuse-lite/-/caniuse-lite-1.0.30000979.tgz#92f16d00186a6cf20d6c5711bb6e042a3d667029"
    integrity sha512-gcu45yfq3B7Y+WB05fOMfr0EiSlq+1u+m6rPHyJli/Wy3PVQNGaU7VA4bZE5qw+AU2UVOBR/N5g1bzADUqdvFw==
  
  chalk@^1.1.3:
    version "1.1.3"
    resolved "https://registry.yarnpkg.com/chalk/-/chalk-1.1.3.tgz#a8115c55e4a702fe4d150abd3872822a7e09fc98"
    integrity sha1-qBFcVeSnAv5NFQq9OHKCKn4J/Jg=
    dependencies:
      ansi-styles "^2.2.1"
      escape-string-regexp "^1.0.2"
      has-ansi "^2.0.0"
      strip-ansi "^3.0.0"
      supports-color "^2.0.0"
  
  chalk@^2.0.0, chalk@^2.4.1, chalk@^2.4.2:
    version "2.4.2"
    resolved "https://registry.yarnpkg.com/chalk/-/chalk-2.4.2.tgz#cd42541677a54333cf541a49108c1432b44c9424"
    integrity sha512-Mti+f9lpJNcwF4tWV8/OrTTtF1gZi+f8FqlyAdouralcFWFQWF2+NgCHShjkCb+IFBLq9buZwE1xckQU4peSuQ==
    dependencies:
      ansi-styles "^3.2.1"
      escape-string-regexp "^1.0.5"
      supports-color "^5.3.0"
  
  color-convert@^1.9.0:
    version "1.9.3"
    resolved "https://registry.yarnpkg.com/color-convert/-/color-convert-1.9.3.tgz#bb71850690e1f136567de629d2d5471deda4c1e8"
    integrity sha512-QfAUtd+vFdAtFQcC8CCyYt1fYWxSqAiK2cSD6zDB8N3cpsEBAvRxp9zOGg6G/SHHJYAT88/az/IuDGALsNVbGg==
    dependencies:
      color-name "1.1.3"
  
  color-name@1.1.3:
    version "1.1.3"
    resolved "https://registry.yarnpkg.com/color-name/-/color-name-1.1.3.tgz#a7d0558bd89c42f795dd42328f740831ca53bc25"
    integrity sha1-p9BVi9icQveV3UIyj3QIMcpTvCU=
  
  convert-source-map@^1.1.0:
    version "1.6.0"
    resolved "https://registry.yarnpkg.com/convert-source-map/-/convert-source-map-1.6.0.tgz#51b537a8c43e0f04dec1993bffcdd504e758ac20"
    integrity sha512-eFu7XigvxdZ1ETfbgPBohgyQ/Z++C0eEhTor0qRwBw9unw+L0/6V8wkSuGgzdThkiS5lSpdptOQPD8Ak40a+7A==
    dependencies:
      safe-buffer "~5.1.1"
  
  css-modules-loader-core@^1.1.0:
    version "1.1.0"
    resolved "https://registry.yarnpkg.com/css-modules-loader-core/-/css-modules-loader-core-1.1.0.tgz#5908668294a1becd261ae0a4ce21b0b551f21d16"
    integrity sha1-WQhmgpShvs0mGuCkziGwtVHyHRY=
    dependencies:
      icss-replace-symbols "1.1.0"
      postcss "6.0.1"
      postcss-modules-extract-imports "1.1.0"
      postcss-modules-local-by-default "1.2.0"
      postcss-modules-scope "1.1.0"
      postcss-modules-values "1.3.0"
  
  css-selector-tokenizer@^0.7.0:
    version "0.7.1"
    resolved "https://registry.yarnpkg.com/css-selector-tokenizer/-/css-selector-tokenizer-0.7.1.tgz#a177271a8bca5019172f4f891fc6eed9cbf68d5d"
    integrity sha512-xYL0AMZJ4gFzJQsHUKa5jiWWi2vH77WVNg7JYRyewwj6oPh4yb/y6Y9ZCw9dsj/9UauMhtuxR+ogQd//EdEVNA==
    dependencies:
      cssesc "^0.1.0"
      fastparse "^1.1.1"
      regexpu-core "^1.0.0"
  
  cssesc@^0.1.0:
    version "0.1.0"
    resolved "https://registry.yarnpkg.com/cssesc/-/cssesc-0.1.0.tgz#c814903e45623371a0477b40109aaafbeeaddbb4"
    integrity sha1-yBSQPkViM3GgR3tAEJqq++6t27Q=
  
  debug@^4.1.0:
    version "4.1.1"
    resolved "https://registry.yarnpkg.com/debug/-/debug-4.1.1.tgz#3b72260255109c6b589cee050f1d516139664791"
    integrity sha512-pYAIzeRo8J6KPEaJ0VWOh5Pzkbw/RetuzehGM7QRRX5he4fPHx2rdKMB256ehJCkX+XRQm16eZLqLNS8RSZXZw==
    dependencies:
      ms "^2.1.1"
  
  electron-to-chromium@^1.3.164:
    version "1.3.186"
    resolved "https://registry.yarnpkg.com/electron-to-chromium/-/electron-to-chromium-1.3.186.tgz#17d87e7661121724ea4c81c9960c3f26a5228c0c"
    integrity sha512-lRyyEUDKenKv/EBVFgfDZDYTDdoAZhzuE+inMUP79+22NDPAA2Ox+f3AShILIjPoUIqRGwvPNbzFcyU8km8g4A==
  
  emojis-list@^2.0.0:
    version "2.1.0"
    resolved "https://registry.yarnpkg.com/emojis-list/-/emojis-list-2.1.0.tgz#4daa4d9db00f9819880c79fa457ae5b09a1fd389"
    integrity sha1-TapNnbAPmBmIDHn6RXrlsJof04k=
  
  escape-string-regexp@^1.0.2, escape-string-regexp@^1.0.5:
    version "1.0.5"
    resolved "https://registry.yarnpkg.com/escape-string-regexp/-/escape-string-regexp-1.0.5.tgz#1b61c0562190a8dff6ae3bb2cf0200ca130b86d4"
    integrity sha1-G2HAViGQqN/2rjuyzwIAyhMLhtQ=
  
  esutils@^2.0.0, esutils@^2.0.2:
    version "2.0.2"
    resolved "https://registry.yarnpkg.com/esutils/-/esutils-2.0.2.tgz#0abf4f1caa5bcb1f7a9d8acc6dea4faaa04bac9b"
    integrity sha1-Cr9PHKpbyx96nYrMbepPqqBLrJs=
  
  fastparse@^1.1.1:
    version "1.1.2"
    resolved "https://registry.yarnpkg.com/fastparse/-/fastparse-1.1.2.tgz#91728c5a5942eced8531283c79441ee4122c35a9"
    integrity sha512-483XLLxTVIwWK3QTrMGRqUfUpoOs/0hbQrl2oz4J0pAcm3A3bu84wxTFqGqkJzewCLdME38xJLJAxBABfQT8sQ==
  
  generic-names@^1.0.3:
    version "1.0.3"
    resolved "https://registry.yarnpkg.com/generic-names/-/generic-names-1.0.3.tgz#2d786a121aee508876796939e8e3bff836c20917"
    integrity sha1-LXhqEhruUIh2eWk56OO/+DbCCRc=
    dependencies:
      loader-utils "^0.2.16"
  
  globals@^11.1.0:
    version "11.12.0"
    resolved "https://registry.yarnpkg.com/globals/-/globals-11.12.0.tgz#ab8795338868a0babd8525758018c2a7eb95c42e"
    integrity sha512-WOBp/EEGUiIsJSp7wcv/y6MO+lV9UoncWqxuFfm8eBwzWNgyfBd6Gz+IeKQ9jCmyhoH99g15M3T+QaVHFjizVA==
  
  has-ansi@^2.0.0:
    version "2.0.0"
    resolved "https://registry.yarnpkg.com/has-ansi/-/has-ansi-2.0.0.tgz#34f5049ce1ecdf2b0649af3ef24e45ed35416d91"
    integrity sha1-NPUEnOHs3ysGSa8+8k5F7TVBbZE=
    dependencies:
      ansi-regex "^2.0.0"
  
  has-flag@^1.0.0:
    version "1.0.0"
    resolved "https://registry.yarnpkg.com/has-flag/-/has-flag-1.0.0.tgz#9d9e793165ce017a00f00418c43f942a7b1d11fa"
    integrity sha1-nZ55MWXOAXoA8AQYxD+UKnsdEfo=
  
  has-flag@^3.0.0:
    version "3.0.0"
    resolved "https://registry.yarnpkg.com/has-flag/-/has-flag-3.0.0.tgz#b5d454dc2199ae225699f3467e5a07f3b955bafd"
    integrity sha1-tdRU3CGZriJWmfNGfloH87lVuv0=
  
  icss-replace-symbols@1.1.0, icss-replace-symbols@^1.1.0:
    version "1.1.0"
    resolved "https://registry.yarnpkg.com/icss-replace-symbols/-/icss-replace-symbols-1.1.0.tgz#06ea6f83679a7749e386cfe1fe812ae5db223ded"
    integrity sha1-Bupvg2ead0njhs/h/oEq5dsiPe0=
  
  js-tokens@^4.0.0:
    version "4.0.0"
    resolved "https://registry.yarnpkg.com/js-tokens/-/js-tokens-4.0.0.tgz#19203fb59991df98e3a287050d4647cdeaf32499"
    integrity sha512-RdJUflcE3cUzKiMqQgsCu06FPu9UdIJO0beYbPhHN4k6apgJtifcoCtT9bcxOpYBtpD2kCM6Sbzg4CausW/PKQ==
  
  jsesc@^2.5.1:
    version "2.5.2"
    resolved "https://registry.yarnpkg.com/jsesc/-/jsesc-2.5.2.tgz#80564d2e483dacf6e8ef209650a67df3f0c283a4"
    integrity sha512-OYu7XEzjkCQ3C5Ps3QIZsQfNpqoJyZZA99wd9aWd05NCtC5pWOkShK2mkL6HXQR6/Cy2lbNdPlZBpuQHXE63gA==
  
  jsesc@~0.5.0:
    version "0.5.0"
    resolved "https://registry.yarnpkg.com/jsesc/-/jsesc-0.5.0.tgz#e7dee66e35d6fc16f710fe91d5cf69f70f08911d"
    integrity sha1-597mbjXW/Bb3EP6R1c9p9w8IkR0=
  
  json5@^0.5.0:
    version "0.5.1"
    resolved "https://registry.yarnpkg.com/json5/-/json5-0.5.1.tgz#1eade7acc012034ad84e2396767ead9fa5495821"
    integrity sha1-Hq3nrMASA0rYTiOWdn6tn6VJWCE=
  
  json5@^2.1.0:
    version "2.1.0"
    resolved "https://registry.yarnpkg.com/json5/-/json5-2.1.0.tgz#e7a0c62c48285c628d20a10b85c89bb807c32850"
    integrity sha512-8Mh9h6xViijj36g7Dxi+Y4S6hNGV96vcJZr/SrlHh1LR/pEn/8j/+qIBbs44YKl69Lrfctp4QD+AdWLTMqEZAQ==
    dependencies:
      minimist "^1.2.0"
  
  loader-utils@^0.2.16:
    version "0.2.17"
    resolved "https://registry.yarnpkg.com/loader-utils/-/loader-utils-0.2.17.tgz#f86e6374d43205a6e6c60e9196f17c0299bfb348"
    integrity sha1-+G5jdNQyBabmxg6RlvF8Apm/s0g=
    dependencies:
      big.js "^3.1.3"
      emojis-list "^2.0.0"
      json5 "^0.5.0"
      object-assign "^4.0.1"
  
  lodash.camelcase@^4.3.0:
    version "4.3.0"
    resolved "https://registry.yarnpkg.com/lodash.camelcase/-/lodash.camelcase-4.3.0.tgz#b28aa6288a2b9fc651035c7711f65ab6190331a6"
    integrity sha1-soqmKIorn8ZRA1x3EfZathkDMaY=
  
  lodash@^4.17.11:
    version "4.17.11"
    resolved "https://registry.yarnpkg.com/lodash/-/lodash-4.17.11.tgz#b39ea6229ef607ecd89e2c8df12536891cac9b8d"
    integrity sha512-cQKh8igo5QUhZ7lg38DYWAxMvjSAKG0A8wGSVimP07SIUEK2UO+arSRKbRZWtelMtN5V0Hkwh5ryOto/SshYIg==
  
  minimist@^1.2.0:
    version "1.2.0"
    resolved "https://registry.yarnpkg.com/minimist/-/minimist-1.2.0.tgz#a35008b20f41383eec1fb914f4cd5df79a264284"
    integrity sha1-o1AIsg9BOD7sH7kU9M1d95omQoQ=
  
  ms@^2.1.1:
    version "2.1.2"
    resolved "https://registry.yarnpkg.com/ms/-/ms-2.1.2.tgz#d09d1f357b443f493382a8eb3ccd183872ae6009"
    integrity sha512-sGkPx+VjMtmA6MX27oA4FBFELFCZZ4S4XqeGOXCv68tT+jb3vk/RyaKWP0PTKyWtmLSM0b+adUTEvbs1PEaH2w==
  
  node-releases@^1.1.23:
    version "1.1.25"
    resolved "https://registry.yarnpkg.com/node-releases/-/node-releases-1.1.25.tgz#0c2d7dbc7fed30fbe02a9ee3007b8c90bf0133d3"
    integrity sha512-fI5BXuk83lKEoZDdH3gRhtsNgh05/wZacuXkgbiYkceE7+QIMXOg98n9ZV7mz27B+kFHnqHcUpscZZlGRSmTpQ==
    dependencies:
      semver "^5.3.0"
  
  normalize-range@^0.1.2:
    version "0.1.2"
    resolved "https://registry.yarnpkg.com/normalize-range/-/normalize-range-0.1.2.tgz#2d10c06bdfd312ea9777695a4d28439456b75942"
    integrity sha1-LRDAa9/TEuqXd2laTShDlFa3WUI=
  
  num2fraction@^1.2.2:
    version "1.2.2"
    resolved "https://registry.yarnpkg.com/num2fraction/-/num2fraction-1.2.2.tgz#6f682b6a027a4e9ddfa4564cd2589d1d4e669ede"
    integrity sha1-b2gragJ6Tp3fpFZM0lidHU5mnt4=
  
  object-assign@^4.0.1:
    version "4.1.1"
    resolved "https://registry.yarnpkg.com/object-assign/-/object-assign-4.1.1.tgz#2109adc7965887cfc05cbbd442cac8bfbb360863"
    integrity sha1-IQmtx5ZYh8/AXLvUQsrIv7s2CGM=
  
  path-parse@^1.0.6:
    version "1.0.6"
    resolved "https://registry.yarnpkg.com/path-parse/-/path-parse-1.0.6.tgz#d62dbb5679405d72c4737ec58600e9ddcf06d24c"
    integrity sha512-GSmOT2EbHrINBf9SR7CDELwlJ8AENk3Qn7OikK4nFYAu3Ote2+JYNVvkpAEQm3/TLNEJFD/xZJjzyxg3KBWOzw==
  
  postcss-modules-extract-imports@1.1.0:
    version "1.1.0"
    resolved "https://registry.yarnpkg.com/postcss-modules-extract-imports/-/postcss-modules-extract-imports-1.1.0.tgz#b614c9720be6816eaee35fb3a5faa1dba6a05ddb"
    integrity sha1-thTJcgvmgW6u41+zpfqh26agXds=
    dependencies:
      postcss "^6.0.1"
  
  postcss-modules-local-by-default@1.2.0:
    version "1.2.0"
    resolved "https://registry.yarnpkg.com/postcss-modules-local-by-default/-/postcss-modules-local-by-default-1.2.0.tgz#f7d80c398c5a393fa7964466bd19500a7d61c069"
    integrity sha1-99gMOYxaOT+nlkRmvRlQCn1hwGk=
    dependencies:
      css-selector-tokenizer "^0.7.0"
      postcss "^6.0.1"
  
  postcss-modules-scope@1.1.0:
    version "1.1.0"
    resolved "https://registry.yarnpkg.com/postcss-modules-scope/-/postcss-modules-scope-1.1.0.tgz#d6ea64994c79f97b62a72b426fbe6056a194bb90"
    integrity sha1-1upkmUx5+XtipytCb75gVqGUu5A=
    dependencies:
      css-selector-tokenizer "^0.7.0"
      postcss "^6.0.1"
  
  postcss-modules-values@1.3.0:
    version "1.3.0"
    resolved "https://registry.yarnpkg.com/postcss-modules-values/-/postcss-modules-values-1.3.0.tgz#ecffa9d7e192518389f42ad0e83f72aec456ea20"
    integrity sha1-7P+p1+GSUYOJ9CrQ6D9yrsRW6iA=
    dependencies:
      icss-replace-symbols "^1.1.0"
      postcss "^6.0.1"
  
  postcss-modules@^1.4.1:
    version "1.4.1"
    resolved "https://registry.yarnpkg.com/postcss-modules/-/postcss-modules-1.4.1.tgz#8aa35bd3461db67e27377a7ce770d77b654a84ef"
    integrity sha512-btTrbK+Xc3NBuYF8TPBjCMRSp5h6NoQ1iVZ6WiDQENIze6KIYCSf0+UFQuV3yJ7gRHA+4AAtF8i2jRvUpbBMMg==
    dependencies:
      css-modules-loader-core "^1.1.0"
      generic-names "^1.0.3"
      lodash.camelcase "^4.3.0"
      postcss "^7.0.1"
      string-hash "^1.1.1"
  
  postcss-value-parser@^3.3.1:
    version "3.3.1"
    resolved "https://registry.yarnpkg.com/postcss-value-parser/-/postcss-value-parser-3.3.1.tgz#9ff822547e2893213cf1c30efa51ac5fd1ba8281"
    integrity sha512-pISE66AbVkp4fDQ7VHBwRNXzAAKJjw4Vw7nWI/+Q3vuly7SNfgYXvm6i5IgFylHGK5sP/xHAbB7N49OS4gWNyQ==
  
  postcss@6.0.1:
    version "6.0.1"
    resolved "https://registry.yarnpkg.com/postcss/-/postcss-6.0.1.tgz#000dbd1f8eef217aa368b9a212c5fc40b2a8f3f2"
    integrity sha1-AA29H47vIXqjaLmiEsX8QLKo8/I=
    dependencies:
      chalk "^1.1.3"
      source-map "^0.5.6"
      supports-color "^3.2.3"
  
  postcss@^6.0.1:
    version "6.0.23"
    resolved "https://registry.yarnpkg.com/postcss/-/postcss-6.0.23.tgz#61c82cc328ac60e677645f979054eb98bc0e3324"
    integrity sha512-soOk1h6J3VMTZtVeVpv15/Hpdl2cBLX3CAw4TAbkpTJiNPk9YP/zWcD1ND+xEtvyuuvKzbxliTOIyvkSeSJ6ag==
    dependencies:
      chalk "^2.4.1"
      source-map "^0.6.1"
      supports-color "^5.4.0"
  
  postcss@^7.0.1, postcss@^7.0.16:
    version "7.0.17"
    resolved "https://registry.yarnpkg.com/postcss/-/postcss-7.0.17.tgz#4da1bdff5322d4a0acaab4d87f3e782436bad31f"
    integrity sha512-546ZowA+KZ3OasvQZHsbuEpysvwTZNGJv9EfyCQdsIDltPSWHAeTQ5fQy/Npi2ZDtLI3zs7Ps/p6wThErhm9fQ==
    dependencies:
      chalk "^2.4.2"
      source-map "^0.6.1"
      supports-color "^6.1.0"
  
  regenerate@^1.2.1:
    version "1.4.0"
    resolved "https://registry.yarnpkg.com/regenerate/-/regenerate-1.4.0.tgz#4a856ec4b56e4077c557589cae85e7a4c8869a11"
    integrity sha512-1G6jJVDWrt0rK99kBjvEtziZNCICAuvIPkSiUFIQxVP06RCVpq3dmDo2oi6ABpYaDYaTRr67BEhL8r1wgEZZKg==
  
  regexpu-core@^1.0.0:
    version "1.0.0"
    resolved "https://registry.yarnpkg.com/regexpu-core/-/regexpu-core-1.0.0.tgz#86a763f58ee4d7c2f6b102e4764050de7ed90c6b"
    integrity sha1-hqdj9Y7k18L2sQLkdkBQ3n7ZDGs=
    dependencies:
      regenerate "^1.2.1"
      regjsgen "^0.2.0"
      regjsparser "^0.1.4"
  
  regjsgen@^0.2.0:
    version "0.2.0"
    resolved "https://registry.yarnpkg.com/regjsgen/-/regjsgen-0.2.0.tgz#6c016adeac554f75823fe37ac05b92d5a4edb1f7"
    integrity sha1-bAFq3qxVT3WCP+N6wFuS1aTtsfc=
  
  regjsparser@^0.1.4:
    version "0.1.5"
    resolved "https://registry.yarnpkg.com/regjsparser/-/regjsparser-0.1.5.tgz#7ee8f84dc6fa792d3fd0ae228d24bd949ead205c"
    integrity sha1-fuj4Tcb6eS0/0K4ijSS9lJ6tIFw=
    dependencies:
      jsesc "~0.5.0"
  
  resolve@^1.3.2:
    version "1.11.1"
    resolved "https://registry.yarnpkg.com/resolve/-/resolve-1.11.1.tgz#ea10d8110376982fef578df8fc30b9ac30a07a3e"
    integrity sha512-vIpgF6wfuJOZI7KKKSP+HmiKggadPQAdsp5HiC1mvqnfp0gF1vdwgBWZIdrVft9pgqoMFQN+R7BSWZiBxx+BBw==
    dependencies:
      path-parse "^1.0.6"
  
  safe-buffer@~5.1.1:
    version "5.1.2"
    resolved "https://registry.yarnpkg.com/safe-buffer/-/safe-buffer-5.1.2.tgz#991ec69d296e0313747d59bdfd2b745c35f8828d"
    integrity sha512-Gd2UZBJDkXlY7GbJxfsE8/nvKkUEU1G38c1siN6QP6a9PT9MmHB8GnpscSmMJSoF8LOIrt8ud/wPtojys4G6+g==
  
  semver@^5.3.0, semver@^5.4.1:
    version "5.7.0"
    resolved "https://registry.yarnpkg.com/semver/-/semver-5.7.0.tgz#790a7cf6fea5459bac96110b29b60412dc8ff96b"
    integrity sha512-Ya52jSX2u7QKghxeoFGpLwCtGlt7j0oY9DYb5apt9nPlJ42ID+ulTXESnt/qAQcoSERyZ5sl3LDIOw0nAn/5DA==
  
  source-map@^0.5.0, source-map@^0.5.6:
    version "0.5.7"
    resolved "https://registry.yarnpkg.com/source-map/-/source-map-0.5.7.tgz#8a039d2d1021d22d1ea14c80d8ea468ba2ef3fcc"
    integrity sha1-igOdLRAh0i0eoUyA2OpGi6LvP8w=
  
  source-map@^0.6.1:
    version "0.6.1"
    resolved "https://registry.yarnpkg.com/source-map/-/source-map-0.6.1.tgz#74722af32e9614e9c287a8d0bbde48b5e2f1a263"
    integrity sha512-UjgapumWlbMhkBgzT7Ykc5YXUT46F0iKu8SGXq0bcwP5dz/h0Plj6enJqjz1Zbq2l5WaqYnrVbwWOWMyF3F47g==
  
  string-hash@^1.1.1:
    version "1.1.3"
    resolved "https://registry.yarnpkg.com/string-hash/-/string-hash-1.1.3.tgz#e8aafc0ac1855b4666929ed7dd1275df5d6c811b"
    integrity sha1-6Kr8CsGFW0Zmkp7X3RJ1311sgRs=
  
  strip-ansi@^3.0.0:
    version "3.0.1"
    resolved "https://registry.yarnpkg.com/strip-ansi/-/strip-ansi-3.0.1.tgz#6a385fb8853d952d5ff05d0e8aaf94278dc63dcf"
    integrity sha1-ajhfuIU9lS1f8F0Oiq+UJ43GPc8=
    dependencies:
      ansi-regex "^2.0.0"
  
  supports-color@^2.0.0:
    version "2.0.0"
    resolved "https://registry.yarnpkg.com/supports-color/-/supports-color-2.0.0.tgz#535d045ce6b6363fa40117084629995e9df324c7"
    integrity sha1-U10EXOa2Nj+kARcIRimZXp3zJMc=
  
  supports-color@^3.2.3:
    version "3.2.3"
    resolved "https://registry.yarnpkg.com/supports-color/-/supports-color-3.2.3.tgz#65ac0504b3954171d8a64946b2ae3cbb8a5f54f6"
    integrity sha1-ZawFBLOVQXHYpklGsq48u4pfVPY=
    dependencies:
      has-flag "^1.0.0"
  
  supports-color@^5.3.0, supports-color@^5.4.0:
    version "5.5.0"
    resolved "https://registry.yarnpkg.com/supports-color/-/supports-color-5.5.0.tgz#e2e69a44ac8772f78a1ec0b35b689df6530efc8f"
    integrity sha512-QjVjwdXIt408MIiAqCX4oUKsgU2EqAGzs2Ppkm4aQYbjm+ZEWEcW4SfFNTr4uMNZma0ey4f5lgLrkB0aX0QMow==
    dependencies:
      has-flag "^3.0.0"
  
  supports-color@^6.1.0:
    version "6.1.0"
    resolved "https://registry.yarnpkg.com/supports-color/-/supports-color-6.1.0.tgz#0764abc69c63d5ac842dd4867e8d025e880df8f3"
    integrity sha512-qe1jfm1Mg7Nq/NSh6XE24gPXROEVsWHxC1LIx//XNlD9iw7YZQGjZNjYN7xGaEG6iKdA8EtNFW6R0gjnVXp+wQ==
    dependencies:
      has-flag "^3.0.0"
  
  to-fast-properties@^2.0.0:
    version "2.0.0"
    resolved "https://registry.yarnpkg.com/to-fast-properties/-/to-fast-properties-2.0.0.tgz#dc5e698cbd079265bc73e0377681a4e4e83f616e"
    integrity sha1-3F5pjL0HkmW8c+A3doGk5Og/YW4=
  
  trim-right@^1.0.1:
    version "1.0.1"
    resolved "https://registry.yarnpkg.com/trim-right/-/trim-right-1.0.1.tgz#cb2e1203067e0c8de1f614094b9fe45704ea6003"
    integrity sha1-yy4SAwZ+DI3h9hQJS5/kVwTqYAM=
